./scripts/run.sh 120 0 4 ctgrind
Found 115 ctgrind files to run


ace/ctgrind_aceae128v1_ref ==19344== ERROR SUMMARY: 0 errors from 0 contexts (suppressed: 0 from 0)
ascon/ctgrind_ascon128av12_bi32 ==19353== ERROR SUMMARY: 0 errors from 0 contexts (suppressed: 0 from 0)
ascon/ctgrind_ascon128av12_bi32_lowreg ==19362== ERROR SUMMARY: 0 errors from 0 contexts (suppressed: 0 from 0)
ascon/ctgrind_ascon128av12_opt64 ==19371== ERROR SUMMARY: 0 errors from 0 contexts (suppressed: 0 from 0)
ascon/ctgrind_ascon128av12_ref ==19380== ERROR SUMMARY: 0 errors from 0 contexts (suppressed: 0 from 0)
ascon/ctgrind_ascon128v12_bi32 ==19389== ERROR SUMMARY: 0 errors from 0 contexts (suppressed: 0 from 0)
ascon/ctgrind_ascon128v12_bi32_lowreg ==19398== ERROR SUMMARY: 0 errors from 0 contexts (suppressed: 0 from 0)
ascon/ctgrind_ascon128v12_opt64 ==19407== ERROR SUMMARY: 0 errors from 0 contexts (suppressed: 0 from 0)
ascon/ctgrind_ascon128v12_ref ==19416== ERROR SUMMARY: 0 errors from 0 contexts (suppressed: 0 from 0)
ascon/ctgrind_ascon80pqv12_opt64 ==19425== ERROR SUMMARY: 0 errors from 0 contexts (suppressed: 0 from 0)
ascon/ctgrind_ascon80pqv12_ref ==19434== ERROR SUMMARY: 0 errors from 0 contexts (suppressed: 0 from 0)
comet/ctgrind_comet128aesv1_ref ==19443== ERROR SUMMARY: 1004 errors from 109 contexts (suppressed: 0 from 0)
comet/ctgrind_comet128chamv1_ref ==19452== ERROR SUMMARY: 4 errors from 4 contexts (suppressed: 0 from 0)
comet/ctgrind_comet64chamv1_ref ==19461== ERROR SUMMARY: 6 errors from 4 contexts (suppressed: 0 from 0)
comet/ctgrind_comet64speckv1_ref ==19470== ERROR SUMMARY: 6 errors from 4 contexts (suppressed: 0 from 0)
drygascon/ctgrind_drygascon128_le32 ==19479== ERROR SUMMARY: 12 errors from 2 contexts (suppressed: 0 from 0)
drygascon/ctgrind_drygascon128_ref ==19488== ERROR SUMMARY: 12 errors from 2 contexts (suppressed: 0 from 0)
drygascon/ctgrind_drygascon256_le32 ==19497== ERROR SUMMARY: 12 errors from 2 contexts (suppressed: 0 from 0)
drygascon/ctgrind_drygascon256_ref ==19506== ERROR SUMMARY: 12 errors from 2 contexts (suppressed: 0 from 0)
elephant/ctgrind_elephant160v1_ref ==19515== ERROR SUMMARY: 16 errors from 1 contexts (suppressed: 0 from 0)
elephant/ctgrind_elephant176v1_ref ==19524== ERROR SUMMARY: 16 errors from 1 contexts (suppressed: 0 from 0)
elephant/ctgrind_elephant200v1_ref ==19533== ERROR SUMMARY: 0 errors from 0 contexts (suppressed: 0 from 0)
estate/ctgrind_estatetweaes128v1_ref ==19542== ERROR SUMMARY: 1000 errors from 16 contexts (suppressed: 0 from 0)
estate/ctgrind_estatetwegift128v1_ref ==19551== ERROR SUMMARY: 7648 errors from 6 contexts (suppressed: 0 from 0)
estate/ctgrind_sestatetweaes128v1_ref ==19560== ERROR SUMMARY: 872 errors from 16 contexts (suppressed: 0 from 0)
forkae/ctgrind_paefforkskinnyb128t192n48v1_ref ==19569== ERROR SUMMARY: 3120 errors from 8 contexts (suppressed: 0 from 0)
forkae/ctgrind_paefforkskinnyb128t256n112v1_ref ==19578== ERROR SUMMARY: 3120 errors from 8 contexts (suppressed: 0 from 0)
forkae/ctgrind_paefforkskinnyb128t288n104v1_ref ==19587== ERROR SUMMARY: 3632 errors from 5 contexts (suppressed: 0 from 0)
forkae/ctgrind_paefforkskinnyb64t192n48v1_ref ==19596== ERROR SUMMARY: 4592 errors from 8 contexts (suppressed: 0 from 0)
forkae/ctgrind_saefforkskinnyb128t192n56v1_ref ==19605== ERROR SUMMARY: 3152 errors from 5 contexts (suppressed: 0 from 0)
forkae/ctgrind_saefforkskinnyb128t256n120v1_ref ==19614== ERROR SUMMARY: 3152 errors from 5 contexts (suppressed: 0 from 0)
gift-cofb/ctgrind_giftcofb128v1_ref ==19623== ERROR SUMMARY: 0 errors from 0 contexts (suppressed: 0 from 0)
gimli/ctgrind_gimli24v1_littleendian ==19633== ERROR SUMMARY: 0 errors from 0 contexts (suppressed: 0 from 0)
gimli/ctgrind_gimli24v1_ref ==19642== ERROR SUMMARY: 0 errors from 0 contexts (suppressed: 0 from 0)
grain-128aead/ctgrind_grain128aead_opt32 ==19652== ERROR SUMMARY: 0 errors from 0 contexts (suppressed: 0 from 0)
grain-128aead/ctgrind_grain128aead_ref ==19661== ERROR SUMMARY: 0 errors from 0 contexts (suppressed: 0 from 0)
hyena/ctgrind_hyenav1_ref ==19670== ERROR SUMMARY: 5088 errors from 4 contexts (suppressed: 0 from 0)
isap/ctgrind_isapa128av20_ref ==19679== ERROR SUMMARY: 0 errors from 0 contexts (suppressed: 0 from 0)
isap/ctgrind_isapa128v20_ref ==19688== ERROR SUMMARY: 0 errors from 0 contexts (suppressed: 0 from 0)
isap/ctgrind_isapk128av20_ref ==19697== ERROR SUMMARY: 0 errors from 0 contexts (suppressed: 0 from 0)
isap/ctgrind_isapk128v20_ref ==19706== ERROR SUMMARY: 0 errors from 0 contexts (suppressed: 0 from 0)
knot/ctgrind_knot128v1_opt ==19715== ERROR SUMMARY: 0 errors from 0 contexts (suppressed: 0 from 0)
knot/ctgrind_knot128v1_ref ==19724== ERROR SUMMARY: 0 errors from 0 contexts (suppressed: 0 from 0)
knot/ctgrind_knot128v2_opt ==19733== ERROR SUMMARY: 0 errors from 0 contexts (suppressed: 0 from 0)
knot/ctgrind_knot128v2_ref ==19742== ERROR SUMMARY: 0 errors from 0 contexts (suppressed: 0 from 0)
knot/ctgrind_knot192_opt ==19751== ERROR SUMMARY: 0 errors from 0 contexts (suppressed: 0 from 0)
knot/ctgrind_knot192_ref ==19760== ERROR SUMMARY: 0 errors from 0 contexts (suppressed: 0 from 0)
knot/ctgrind_knot256_opt ==19769== ERROR SUMMARY: 0 errors from 0 contexts (suppressed: 0 from 0)
knot/ctgrind_knot256_ref ==19778== ERROR SUMMARY: 0 errors from 0 contexts (suppressed: 0 from 0)
lotus-locus/ctgrind_twegift64locusaeadv1_ref ==19787== ERROR SUMMARY: 5360 errors from 8 contexts (suppressed: 0 from 0)
lotus-locus/ctgrind_twegift64lotusaeadv1_ref ==19796== ERROR SUMMARY: 5360 errors from 12 contexts (suppressed: 0 from 0)
mixfeed/ctgrind_mixfeed_ref ==19805== ERROR SUMMARY: 1428 errors from 63 contexts (suppressed: 0 from 0)
orange/ctgrind_orangezestv1_ref ==19814== ERROR SUMMARY: 97 errors from 5 contexts (suppressed: 0 from 0)
oribatida/ctgrind_oribatida192v12_ref ==19823== ERROR SUMMARY: 0 errors from 0 contexts (suppressed: 0 from 0)
oribatida/ctgrind_oribatida256v12_ref ==19832== ERROR SUMMARY: 0 errors from 0 contexts (suppressed: 0 from 0)
photon-beetle/ctgrind_photonbeetleaead128rate128v1_ref ==19841== ERROR SUMMARY: 32 errors from 1 contexts (suppressed: 0 from 0)
photon-beetle/ctgrind_photonbeetleaead128rate32v1_ref ==19850== ERROR SUMMARY: 32 errors from 1 contexts (suppressed: 0 from 0)
pyjamask/ctgrind_pyjamask128aeadv1_ref ==19859== ERROR SUMMARY: 0 errors from 0 contexts (suppressed: 0 from 0)
pyjamask/ctgrind_pyjamask96aeadv1_ref ==19868== ERROR SUMMARY: 0 errors from 0 contexts (suppressed: 0 from 0)
romulus/ctgrind_romulusm1v12_ref ==19877== ERROR SUMMARY: 3568 errors from 4 contexts (suppressed: 0 from 0)
romulus/ctgrind_romulusm2v12_ref ==19886== ERROR SUMMARY: 4464 errors from 5 contexts (suppressed: 0 from 0)
romulus/ctgrind_romulusm3v12_ref ==19895== ERROR SUMMARY: 3824 errors from 5 contexts (suppressed: 0 from 0)
romulus/ctgrind_romulusn1v12_ref ==19904== ERROR SUMMARY: 2672 errors from 2 contexts (suppressed: 0 from 0)
romulus/ctgrind_romulusn2v12_ref ==19913== ERROR SUMMARY: 2672 errors from 2 contexts (suppressed: 0 from 0)
romulus/ctgrind_romulusn3v12_ref ==19922== ERROR SUMMARY: 2288 errors from 2 contexts (suppressed: 0 from 0)
saeaes/ctgrind_saeaes128a120t128v1_ref ==19931== ERROR SUMMARY: 1000 errors from 644 contexts (suppressed: 0 from 0)
saeaes/ctgrind_saeaes128a120t64v1_ref ==19940== ERROR SUMMARY: 1000 errors from 644 contexts (suppressed: 0 from 0)
saeaes/ctgrind_saeaes128a64t128v1_ref ==19949== ERROR SUMMARY: 1000 errors from 644 contexts (suppressed: 0 from 0)
saeaes/ctgrind_saeaes128a64t64v1_ref ==19958== ERROR SUMMARY: 1000 errors from 644 contexts (suppressed: 0 from 0)
saeaes/ctgrind_saeaes192a120t128v1_ref ==19967== ERROR SUMMARY: 1184 errors from 776 contexts (suppressed: 0 from 0)
saeaes/ctgrind_saeaes192a64t128v1_ref ==19976== ERROR SUMMARY: 1184 errors from 776 contexts (suppressed: 0 from 0)
saeaes/ctgrind_saeaes192a64t64v1_ref ==19985== ERROR SUMMARY: 1184 errors from 776 contexts (suppressed: 0 from 0)
saeaes/ctgrind_saeaes256a120t128v1_ref ==19994== ERROR SUMMARY: 1396 errors from 908 contexts (suppressed: 0 from 0)
saeaes/ctgrind_saeaes256a64t128v1_ref ==20003== ERROR SUMMARY: 1396 errors from 908 contexts (suppressed: 0 from 0)
saeaes/ctgrind_saeaes256a64t64v1_ref ==20012== ERROR SUMMARY: 1396 errors from 908 contexts (suppressed: 0 from 0)
saturnin/ctgrind_saturninctrcascadev2_bs32 ==20021== ERROR SUMMARY: 0 errors from 0 contexts (suppressed: 0 from 0)
saturnin/ctgrind_saturninctrcascadev2_bs32x ==20030== ERROR SUMMARY: 0 errors from 0 contexts (suppressed: 0 from 0)
saturnin/ctgrind_saturninctrcascadev2_bs64 ==20039== ERROR SUMMARY: 0 errors from 0 contexts (suppressed: 0 from 0)
saturnin/ctgrind_saturninctrcascadev2_ref ==20048== ERROR SUMMARY: 0 errors from 0 contexts (suppressed: 0 from 0)
saturnin/ctgrind_saturninshortv2_ref ==20057== ERROR SUMMARY: 0 errors from 0 contexts (suppressed: 0 from 0)
skinny/ctgrind_skinnyaeadtk296128v1_ref ==20066== ERROR SUMMARY: 3008 errors from 3 contexts (suppressed: 0 from 0)
skinny/ctgrind_skinnyaeadtk29664v1_ref ==20075== ERROR SUMMARY: 3008 errors from 3 contexts (suppressed: 0 from 0)
skinny/ctgrind_skinnyaeadtk3128128v1_ref ==20084== ERROR SUMMARY: 3520 errors from 3 contexts (suppressed: 0 from 0)
skinny/ctgrind_skinnyaeadtk312864v1_ref ==20093== ERROR SUMMARY: 3520 errors from 3 contexts (suppressed: 0 from 0)
skinny/ctgrind_skinnyaeadtk396128v1_ref ==20102== ERROR SUMMARY: 3520 errors from 3 contexts (suppressed: 0 from 0)
skinny/ctgrind_skinnyaeadtk39664v1_ref ==20111== ERROR SUMMARY: 3520 errors from 3 contexts (suppressed: 0 from 0)
sparkle/ctgrind_schwaemm128128v1_opt ==20120== ERROR SUMMARY: 0 errors from 0 contexts (suppressed: 0 from 0)
sparkle/ctgrind_schwaemm128128v1_ref ==20129== ERROR SUMMARY: 0 errors from 0 contexts (suppressed: 0 from 0)
sparkle/ctgrind_schwaemm192192v1_opt ==20138== ERROR SUMMARY: 0 errors from 0 contexts (suppressed: 0 from 0)
sparkle/ctgrind_schwaemm192192v1_ref ==20147== ERROR SUMMARY: 0 errors from 0 contexts (suppressed: 0 from 0)
sparkle/ctgrind_schwaemm256128v1_opt ==20156== ERROR SUMMARY: 0 errors from 0 contexts (suppressed: 0 from 0)
sparkle/ctgrind_schwaemm256128v1_ref ==20165== ERROR SUMMARY: 0 errors from 0 contexts (suppressed: 0 from 0)
sparkle/ctgrind_schwaemm256256v1_opt ==20174== ERROR SUMMARY: 0 errors from 0 contexts (suppressed: 0 from 0)
sparkle/ctgrind_schwaemm256256v1_ref ==20183== ERROR SUMMARY: 0 errors from 0 contexts (suppressed: 0 from 0)
spix/ctgrind_spix128v1_ref ==20192== ERROR SUMMARY: 0 errors from 0 contexts (suppressed: 0 from 0)
spoc/ctgrind_spoc128sliscplight256v1_ref ==20201== ERROR SUMMARY: 0 errors from 0 contexts (suppressed: 0 from 0)
spoc/ctgrind_spoc64sliscplight192v1_ref ==20210== ERROR SUMMARY: 0 errors from 0 contexts (suppressed: 0 from 0)
spook/ctgrind_spook128mu384v1_ref ==20219== ERROR SUMMARY: 0 errors from 0 contexts (suppressed: 0 from 0)
spook/ctgrind_spook128mu512v1_ref ==20228== ERROR SUMMARY: 0 errors from 0 contexts (suppressed: 0 from 0)
spook/ctgrind_spook128su384v1_ref ==20237== ERROR SUMMARY: 0 errors from 0 contexts (suppressed: 0 from 0)
spook/ctgrind_spook128su512v1_ref ==20246== ERROR SUMMARY: 0 errors from 0 contexts (suppressed: 0 from 0)
subterranean/ctgrind_subterraneanv1_add_mem_compact ==20256== ERROR SUMMARY: 0 errors from 0 contexts (suppressed: 0 from 0)
subterranean/ctgrind_subterraneanv1_ref ==20265== ERROR SUMMARY: 0 errors from 0 contexts (suppressed: 0 from 0)
sundae-gift/ctgrind_sundaegift0v1_ref ==20274== ERROR SUMMARY: 0 errors from 0 contexts (suppressed: 0 from 0)
sundae-gift/ctgrind_sundaegift128v1_ref ==20283== ERROR SUMMARY: 0 errors from 0 contexts (suppressed: 0 from 0)
sundae-gift/ctgrind_sundaegift64v1_ref ==20292== ERROR SUMMARY: 0 errors from 0 contexts (suppressed: 0 from 0)
sundae-gift/ctgrind_sundaegift96v1_ref ==20301== ERROR SUMMARY: 0 errors from 0 contexts (suppressed: 0 from 0)
tinyjambu/ctgrind_tinyjambu128_opt ==20310== ERROR SUMMARY: 0 errors from 0 contexts (suppressed: 0 from 0)
tinyjambu/ctgrind_tinyjambu128_ref ==20319== ERROR SUMMARY: 0 errors from 0 contexts (suppressed: 0 from 0)
tinyjambu/ctgrind_tinyjambu192_opt ==20328== ERROR SUMMARY: 0 errors from 0 contexts (suppressed: 0 from 0)
tinyjambu/ctgrind_tinyjambu192_ref ==20337== ERROR SUMMARY: 0 errors from 0 contexts (suppressed: 0 from 0)
tinyjambu/ctgrind_tinyjambu256_opt ==20346== ERROR SUMMARY: 0 errors from 0 contexts (suppressed: 0 from 0)
tinyjambu/ctgrind_tinyjambu256_ref ==20355== ERROR SUMMARY: 0 errors from 0 contexts (suppressed: 0 from 0)
wage/ctgrind_wageae128v1_ref ==20364== ERROR SUMMARY: 8477 errors from 56 contexts (suppressed: 0 from 0)
xoodyak/ctgrind_xoodyakv1_ref ==20373== ERROR SUMMARY: 0 errors from 0 contexts (suppressed: 0 from 0)