./scripts/run.sh 120 1 4 flowtracker
Found 86 flowtracker files to run


ace/flowtracker_aceae128v1_ref Vulnerable Subgraphs: 4 
ascon/flowtracker_ascon128av12_ref Vulnerable Subgraphs: 0 
ascon/flowtracker_ascon128v12_ref Vulnerable Subgraphs: 0 
ascon/flowtracker_ascon80pqv12_ref Vulnerable Subgraphs: 0 
comet/flowtracker_comet128aesv1_ref Vulnerable Subgraphs: 0 
comet/flowtracker_comet128chamv1_ref Vulnerable Subgraphs: 0 
comet/flowtracker_comet64chamv1_ref Vulnerable Subgraphs: 0 
comet/flowtracker_comet64speckv1_ref Vulnerable Subgraphs: 0 
drygascon/flowtracker_drygascon128_ref Vulnerable Subgraphs: 10 
drygascon/flowtracker_drygascon256_ref Vulnerable Subgraphs: 10 
elephant/flowtracker_elephant160v1_ref Vulnerable Subgraphs: 0 
elephant/flowtracker_elephant176v1_ref Vulnerable Subgraphs: 0 
elephant/flowtracker_elephant200v1_ref Vulnerable Subgraphs: 0 
estate/flowtracker_estatetweaes128v1_ref Vulnerable Subgraphs: 1 
estate/flowtracker_estatetwegift128v1_ref Vulnerable Subgraphs: 1 
estate/flowtracker_sestatetweaes128v1_ref Vulnerable Subgraphs: 1 
forkae/flowtracker_paefforkskinnyb128t192n48v1_ref Vulnerable Subgraphs: 1 
forkae/flowtracker_paefforkskinnyb128t256n112v1_ref Vulnerable Subgraphs: 1 
forkae/flowtracker_paefforkskinnyb128t288n104v1_ref Vulnerable Subgraphs: 1 
forkae/flowtracker_paefforkskinnyb64t192n48v1_ref Vulnerable Subgraphs: 1 
forkae/flowtracker_saefforkskinnyb128t192n56v1_ref Vulnerable Subgraphs: 1 
forkae/flowtracker_saefforkskinnyb128t256n120v1_ref Vulnerable Subgraphs: 1 
gift-cofb/flowtracker_giftcofb128v1_ref Vulnerable Subgraphs: 0 
hyena/flowtracker_hyenav1_ref Vulnerable Subgraphs: 0 
isap/flowtracker_isapa128av20_ref Vulnerable Subgraphs: 0 
isap/flowtracker_isapa128v20_ref Vulnerable Subgraphs: 0 
isap/flowtracker_isapk128av20_ref Vulnerable Subgraphs: 0 
isap/flowtracker_isapk128v20_ref Vulnerable Subgraphs: 0 
knot/flowtracker_knot128v1_ref Vulnerable Subgraphs: 7 
knot/flowtracker_knot128v2_ref Vulnerable Subgraphs: 7 
knot/flowtracker_knot192_ref Vulnerable Subgraphs: 7 
knot/flowtracker_knot256_ref Vulnerable Subgraphs: 7 
lotus-locus/flowtracker_twegift64locusaeadv1_ref Vulnerable Subgraphs: 2 
lotus-locus/flowtracker_twegift64lotusaeadv1_ref Vulnerable Subgraphs: 2 
mixfeed/flowtracker_mixfeed_ref Vulnerable Subgraphs: 79 
orange/flowtracker_orangezestv1_ref Vulnerable Subgraphs: 149 
oribatida/flowtracker_oribatida192v12_ref Vulnerable Subgraphs: 0 
oribatida/flowtracker_oribatida256v12_ref Vulnerable Subgraphs: 0 
photon-beetle/flowtracker_photonbeetleaead128rate128v1_ref Vulnerable Subgraphs: 0 
photon-beetle/flowtracker_photonbeetleaead128rate32v1_ref Vulnerable Subgraphs: 0 
pyjamask/flowtracker_pyjamask128aeadv1_ref Vulnerable Subgraphs: 0 
pyjamask/flowtracker_pyjamask96aeadv1_ref Vulnerable Subgraphs: 0 
romulus/flowtracker_romulusm1v12_ref Vulnerable Subgraphs: 0 
romulus/flowtracker_romulusm2v12_ref Vulnerable Subgraphs: 0 
romulus/flowtracker_romulusm3v12_ref Vulnerable Subgraphs: 0 
romulus/flowtracker_romulusn1v12_ref Vulnerable Subgraphs: 0 
romulus/flowtracker_romulusn2v12_ref Vulnerable Subgraphs: 0 
romulus/flowtracker_romulusn3v12_ref Vulnerable Subgraphs: 0 
saeaes/flowtracker_saeaes128a120t128v1_ref Vulnerable Subgraphs: 0 
saeaes/flowtracker_saeaes128a120t64v1_ref Vulnerable Subgraphs: 0 
saeaes/flowtracker_saeaes128a64t128v1_ref Vulnerable Subgraphs: 0 
saeaes/flowtracker_saeaes128a64t64v1_ref Vulnerable Subgraphs: 0 
saeaes/flowtracker_saeaes192a120t128v1_ref Vulnerable Subgraphs: 0 
saeaes/flowtracker_saeaes192a64t128v1_ref Vulnerable Subgraphs: 0 
saeaes/flowtracker_saeaes192a64t64v1_ref Vulnerable Subgraphs: 0 
saeaes/flowtracker_saeaes256a120t128v1_ref Vulnerable Subgraphs: 0 
saeaes/flowtracker_saeaes256a64t128v1_ref Vulnerable Subgraphs: 0 
saeaes/flowtracker_saeaes256a64t64v1_ref Vulnerable Subgraphs: 0 
saturnin/flowtracker_saturninctrcascadev2_ref Vulnerable Subgraphs: 0 
saturnin/flowtracker_saturninshortv2_ref Vulnerable Subgraphs: 0 
skinny/flowtracker_skinnyaeadtk296128v1_ref Vulnerable Subgraphs: 0 
skinny/flowtracker_skinnyaeadtk29664v1_ref Vulnerable Subgraphs: 0 
skinny/flowtracker_skinnyaeadtk3128128v1_ref Vulnerable Subgraphs: 0 
skinny/flowtracker_skinnyaeadtk312864v1_ref Vulnerable Subgraphs: 0 
skinny/flowtracker_skinnyaeadtk396128v1_ref Vulnerable Subgraphs: 0 
skinny/flowtracker_skinnyaeadtk39664v1_ref Vulnerable Subgraphs: 0 
sparkle/flowtracker_schwaemm128128v1_ref Vulnerable Subgraphs: 0 
sparkle/flowtracker_schwaemm192192v1_ref Vulnerable Subgraphs: 0 
sparkle/flowtracker_schwaemm256128v1_ref Vulnerable Subgraphs: 0 
sparkle/flowtracker_schwaemm256256v1_ref Vulnerable Subgraphs: 0 
spix/flowtracker_spix128v1_ref Vulnerable Subgraphs: 4 
spoc/flowtracker_spoc128sliscplight256v1_ref Vulnerable Subgraphs: 2 
spoc/flowtracker_spoc64sliscplight192v1_ref Vulnerable Subgraphs: 1 
spook/flowtracker_spook128mu384v1_ref Vulnerable Subgraphs: 0 
spook/flowtracker_spook128mu512v1_ref Vulnerable Subgraphs: 0 
spook/flowtracker_spook128su384v1_ref Vulnerable Subgraphs: 0 
spook/flowtracker_spook128su512v1_ref Vulnerable Subgraphs: 0 
sundae-gift/flowtracker_sundaegift0v1_ref Vulnerable Subgraphs: 0 
sundae-gift/flowtracker_sundaegift128v1_ref Vulnerable Subgraphs: 0 
sundae-gift/flowtracker_sundaegift64v1_ref Vulnerable Subgraphs: 0 
sundae-gift/flowtracker_sundaegift96v1_ref Vulnerable Subgraphs: 0 
tinyjambu/flowtracker_tinyjambu128_ref Vulnerable Subgraphs: 0 
tinyjambu/flowtracker_tinyjambu192_ref Vulnerable Subgraphs: 0 
tinyjambu/flowtracker_tinyjambu256_ref Vulnerable Subgraphs: 0 
wage/flowtracker_wageae128v1_ref Vulnerable Subgraphs: 0 