ace/flowtracker_aceae128v1_ref Vulnerable Subgraphs: 4 
drygascon/flowtracker_drygascon128_ref Vulnerable Subgraphs: 10 
drygascon/flowtracker_drygascon256_ref Vulnerable Subgraphs: 10 
estate/flowtracker_estatetweaes128v1_ref Vulnerable Subgraphs: 1 
estate/flowtracker_estatetwegift128v1_ref Vulnerable Subgraphs: 1 
estate/flowtracker_sestatetweaes128v1_ref Vulnerable Subgraphs: 1 
forkae/flowtracker_paefforkskinnyb128t192n48v1_ref Vulnerable Subgraphs: 1 
forkae/flowtracker_paefforkskinnyb128t256n112v1_ref Vulnerable Subgraphs: 1 
forkae/flowtracker_paefforkskinnyb128t288n104v1_ref Vulnerable Subgraphs: 1 
forkae/flowtracker_paefforkskinnyb64t192n48v1_ref Vulnerable Subgraphs: 1 
forkae/flowtracker_saefforkskinnyb128t192n56v1_ref Vulnerable Subgraphs: 1 
forkae/flowtracker_saefforkskinnyb128t256n120v1_ref Vulnerable Subgraphs: 1 
knot/flowtracker_knot128v1_ref Vulnerable Subgraphs: 7 
knot/flowtracker_knot128v2_ref Vulnerable Subgraphs: 7 
knot/flowtracker_knot192_ref Vulnerable Subgraphs: 7 
knot/flowtracker_knot256_ref Vulnerable Subgraphs: 7 
lotus-locus/flowtracker_twegift64locusaeadv1_ref Vulnerable Subgraphs: 2 
lotus-locus/flowtracker_twegift64lotusaeadv1_ref Vulnerable Subgraphs: 2 
mixfeed/flowtracker_mixfeed_ref Vulnerable Subgraphs: 79 
orange/flowtracker_orangezestv1_ref Vulnerable Subgraphs: 149 
spix/flowtracker_spix128v1_ref Vulnerable Subgraphs: 4 
spoc/flowtracker_spoc128sliscplight256v1_ref Vulnerable Subgraphs: 2 
spoc/flowtracker_spoc64sliscplight192v1_ref Vulnerable Subgraphs: 1 
